<?xml version="1.0" encoding="UTF-8"?>
<testsuite xmlns:xsi="http://www.w3.org/2001/XMLSchema-instance" xsi:noNamespaceSchemaLocation="https://maven.apache.org/surefire/maven-surefire-plugin/xsd/surefire-test-report.xsd" version="3.0.2" name="com.bootcamp.api_gateway.ApiGatewayApplicationTests" time="7.243" tests="1" errors="0" skipped="1" failures="0">
  <properties>
[...]
</properties>
  <testcase name="contextLoads" classname="com.bootcamp.api_gateway.ApiGatewayApplicationTests" time="0.0">
    <skipped message="void com.bootcamp.api_gateway.ApiGatewayApplicationTests.contextLoads() is @Disabled"/>
    <system-out><![CDATA[09:44:29.797 [main] INFO org.springframework.test.context.support.AnnotationConfigContextLoaderUtils -- Could not detect default configuration classes for test class [com.bootcamp.api_gateway.ApiGatewayApplicationTests]: ApiGatewayApplicationTests does not declare any static, non-private, non-final, nested classes annotated with @Configuration.
09:44:30.003 [main] INFO org.springframework.boot.test.context.SpringBootTestContextBootstrapper -- Found @SpringBootConfiguration com.bootcamp.api_gateway.ApiGatewayApplication for test class com.bootcamp.api_gateway.ApiGatewayApplicationTests

  .   ____          _            __ _ _
 /\\ / ___'_ __ _ _(_)_ __  __ _ \ \ \ \
( ( )\___ | '_ | '_| | '_ \/ _` | \ \ \ \
 \\/  ___)| |_)| | | | | || (_| |  ) ) ) )
  '  |____| .__|_| |_|_| |_\__, | / / / /
 =========|_|==============|___/=/_/_/_/

 :: Spring Boot ::                (v3.4.4)

2025-04-25T09:44:31.512-05:00  INFO 20344 --- [api-gateway] [           main] c.b.a.ApiGatewayApplicationTests         : Starting ApiGatewayApplicationTests using Java 17.0.12 with PID 20344 (started by mgarcsar in C:\Users\mgarcsar\Documents\Bootcamp\etregables\Bank\api-gateway)
2025-04-25T09:44:31.515-05:00  INFO 20344 --- [api-gateway] [           main] c.b.a.ApiGatewayApplicationTests         : The following 1 profile is active: "dev"
2025-04-25T09:44:33.528-05:00  INFO 20344 --- [api-gateway] [           main] o.s.cloud.context.scope.GenericScope     : BeanFactory id=31810f6e-e886-36ca-934a-2fc69c806435
2025-04-25T09:44:35.499-05:00  INFO 20344 --- [api-gateway] [           main] o.s.c.g.r.RouteDefinitionRouteLocator    : Loaded RoutePredicateFactory [After]
2025-04-25T09:44:35.499-05:00  INFO 20344 --- [api-gateway] [           main] o.s.c.g.r.RouteDefinitionRouteLocator    : Loaded RoutePredicateFactory [Before]
2025-04-25T09:44:35.499-05:00  INFO 20344 --- [api-gateway] [           main] o.s.c.g.r.RouteDefinitionRouteLocator    : Loaded RoutePredicateFactory [Between]
2025-04-25T09:44:35.499-05:00  INFO 20344 --- [api-gateway] [           main] o.s.c.g.r.RouteDefinitionRouteLocator    : Loaded RoutePredicateFactory [Cookie]
2025-04-25T09:44:35.500-05:00  INFO 20344 --- [api-gateway] [           main] o.s.c.g.r.RouteDefinitionRouteLocator    : Loaded RoutePredicateFactory [Header]
2025-04-25T09:44:35.500-05:00  INFO 20344 --- [api-gateway] [           main] o.s.c.g.r.RouteDefinitionRouteLocator    : Loaded RoutePredicateFactory [Host]
2025-04-25T09:44:35.500-05:00  INFO 20344 --- [api-gateway] [           main] o.s.c.g.r.RouteDefinitionRouteLocator    : Loaded RoutePredicateFactory [Method]
2025-04-25T09:44:35.500-05:00  INFO 20344 --- [api-gateway] [           main] o.s.c.g.r.RouteDefinitionRouteLocator    : Loaded RoutePredicateFactory [Path]
2025-04-25T09:44:35.500-05:00  INFO 20344 --- [api-gateway] [           main] o.s.c.g.r.RouteDefinitionRouteLocator    : Loaded RoutePredicateFactory [Query]
2025-04-25T09:44:35.500-05:00  INFO 20344 --- [api-gateway] [           main] o.s.c.g.r.RouteDefinitionRouteLocator    : Loaded RoutePredicateFactory [ReadBody]
2025-04-25T09:44:35.500-05:00  INFO 20344 --- [api-gateway] [           main] o.s.c.g.r.RouteDefinitionRouteLocator    : Loaded RoutePredicateFactory [RemoteAddr]
2025-04-25T09:44:35.500-05:00  INFO 20344 --- [api-gateway] [           main] o.s.c.g.r.RouteDefinitionRouteLocator    : Loaded RoutePredicateFactory [XForwardedRemoteAddr]
2025-04-25T09:44:35.500-05:00  INFO 20344 --- [api-gateway] [           main] o.s.c.g.r.RouteDefinitionRouteLocator    : Loaded RoutePredicateFactory [Weight]
2025-04-25T09:44:35.501-05:00  INFO 20344 --- [api-gateway] [           main] o.s.c.g.r.RouteDefinitionRouteLocator    : Loaded RoutePredicateFactory [CloudFoundryRouteService]
2025-04-25T09:44:36.136-05:00  INFO 20344 --- [api-gateway] [           main] o.s.b.a.e.web.EndpointLinksResolver      : Exposing 1 endpoint beneath base path '/actuator'
2025-04-25T09:44:36.525-05:00  INFO 20344 --- [api-gateway] [           main] DiscoveryClientOptionalArgsConfiguration : Eureka HTTP Client uses RestTemplate.
2025-04-25T09:44:36.591-05:00  WARN 20344 --- [api-gateway] [           main] iguration$LoadBalancerCaffeineWarnLogger : Spring Cloud LoadBalancer is currently working with the default cache. While this cache implementation is useful for development and tests, it's recommended to use Caffeine cache in production.You can switch to using Caffeine cache, by adding it and org.springframework.cache.caffeine.CaffeineCacheManager to the classpath.
2025-04-25T09:44:36.751-05:00 DEBUG 20344 --- [api-gateway] [           main] o.s.c.g.filter.GatewayMetricsFilter      : New routes count: 0
2025-04-25T09:44:36.755-05:00  INFO 20344 --- [api-gateway] [           main] c.b.a.ApiGatewayApplicationTests         : Started ApiGatewayApplicationTests in 6.222 seconds (process running for 8.305)
]]></system-out>
  </testcase>
</testsuite>